<?xml version="1.0" encoding="UTF-8"?>
<testng-results ignored="0" total="1" passed="1" failed="0" skipped="0">
  <reporter-output>
  </reporter-output>
  <suite started-at="2023-08-16T01:19:23 CDT" name="Default suite" finished-at="2023-08-16T01:19:31 CDT" duration-ms="8169">
    <groups>
    </groups>
    <test started-at="2023-08-16T01:19:23 CDT" name="Default test" finished-at="2023-08-16T01:19:31 CDT" duration-ms="8169">
      <class name="test.LoginTest">
        <test-method signature="validUserShouldBeAbleToLogin()[pri:0, instance:test.LoginTest@27462a88]" started-at="2023-08-16T01:19:23 CDT" name="validUserShouldBeAbleToLogin" finished-at="2023-08-16T01:19:31 CDT" duration-ms="8112" status="PASS">
          <reporter-output>
          </reporter-output>
        </test-method> <!-- validUserShouldBeAbleToLogin -->
      </class> <!-- test.LoginTest -->
    </test> <!-- Default test -->
  </suite> <!-- Default suite -->
</testng-results>
